Using pre-set license
Built from '2020.3/staging' branch; Version is '2020.3.18f1 (a7d1c678663c) revision 10998214'; Using compiler version '192528614'; Build Type 'Release'
OS: 'Windows 10 Home; OS build 19043.1288; Version 2009; 64bit' Language: 'en' Physical Memory: 16290 MB
BatchMode: 1, IsHumanControllingUs: 0, StartBugReporterOnCrash: 0, Is64bit: 1, IsPro: 0

COMMAND LINE ARGUMENTS:
C:\Program Files\Unity\Hub\Editor\2020.3.18f1\Editor\Unity.exe
-adb2
-batchMode
-noUpm
-name
AssetImportWorker0
-projectPath
C:/Users/happe/OneDrive/Documents/CS478-Team2Project
-logFile
Logs/AssetImportWorker0.log
-srvPort
50419
Successfully changed project path to: C:/Users/happe/OneDrive/Documents/CS478-Team2Project
C:/Users/happe/OneDrive/Documents/CS478-Team2Project
Using Asset Import Pipeline V2.
Refreshing native plugins compatible for Editor in 38.30 ms, found 2 plugins.
Preloading 0 native plugins for Editor in 0.00 ms.
Initialize engine version: 2020.3.18f1 (a7d1c678663c)
[Subsystems] Discovering subsystems at path C:/Program Files/Unity/Hub/Editor/2020.3.18f1/Editor/Data/Resources/UnitySubsystems
[Subsystems] Discovering subsystems at path C:/Users/happe/OneDrive/Documents/CS478-Team2Project/Assets
GfxDevice: creating device client; threaded=0
Direct3D:
    Version:  Direct3D 11.0 [level 11.1]
    Renderer: NVIDIA GeForce RTX 2070 (ID=0x1f02)
    Vendor:   
    VRAM:     8031 MB
    Driver:   30.0.14.9613
Initialize mono
Mono path[0] = 'C:/Program Files/Unity/Hub/Editor/2020.3.18f1/Editor/Data/Managed'
Mono path[1] = 'C:/Program Files/Unity/Hub/Editor/2020.3.18f1/Editor/Data/MonoBleedingEdge/lib/mono/unityjit'
Mono config path = 'C:/Program Files/Unity/Hub/Editor/2020.3.18f1/Editor/Data/MonoBleedingEdge/etc'
Using monoOptions --debugger-agent=transport=dt_socket,embedding=1,server=y,suspend=n,address=127.0.0.1:56808
Begin MonoManager ReloadAssembly
Registering precompiled unity dll's ...
Register platform support module: C:/Program Files/Unity/Hub/Editor/2020.3.18f1/Editor/Data/PlaybackEngines/WindowsStandaloneSupport/UnityEditor.WindowsStandalone.Extensions.dll
Registered in 0.001963 seconds.
Native extension for WindowsStandalone target not found
Refreshing native plugins compatible for Editor in 35.65 ms, found 2 plugins.
Preloading 0 native plugins for Editor in 0.00 ms.
Mono: successfully reloaded assembly
- Completed reload, in  1.028 seconds
Domain Reload Profiling:
	ReloadAssembly (1028ms)
		BeginReloadAssembly (54ms)
			ExecutionOrderSort (0ms)
			DisableScriptedObjects (0ms)
			BackupInstance (0ms)
			ReleaseScriptingObjects (0ms)
			CreateAndSetChildDomain (1ms)
		EndReloadAssembly (366ms)
			LoadAssemblies (52ms)
			RebuildTransferFunctionScriptingTraits (0ms)
			SetupTypeCache (134ms)
			ReleaseScriptCaches (0ms)
			RebuildScriptCaches (26ms)
			SetupLoadedEditorAssemblies (145ms)
				LogAssemblyErrors (0ms)
				InitializePlatformSupportModulesInManaged (3ms)
				SetLoadedEditorAssemblies (0ms)
				RefreshPlugins (36ms)
				BeforeProcessingInitializeOnLoad (13ms)
				ProcessInitializeOnLoadAttributes (68ms)
				ProcessInitializeOnLoadMethodAttributes (25ms)
				AfterProcessingInitializeOnLoad (0ms)
				EditorAssembliesLoaded (0ms)
			ExecutionOrderSort2 (0ms)
			AwakeInstancesAfterBackupRestoration (0ms)
Platform modules already initialized, skipping
Registering precompiled user dll's ...
Registered in 0.003043 seconds.
Begin MonoManager ReloadAssembly
Native extension for WindowsStandalone target not found
Refreshing native plugins compatible for Editor in 0.35 ms, found 2 plugins.
Preloading 0 native plugins for Editor in 0.00 ms.
Mono: successfully reloaded assembly
- Completed reload, in  1.722 seconds
Domain Reload Profiling:
	ReloadAssembly (1722ms)
		BeginReloadAssembly (132ms)
			ExecutionOrderSort (0ms)
			DisableScriptedObjects (4ms)
			BackupInstance (0ms)
			ReleaseScriptingObjects (0ms)
			CreateAndSetChildDomain (15ms)
		EndReloadAssembly (1535ms)
			LoadAssemblies (75ms)
			RebuildTransferFunctionScriptingTraits (0ms)
			SetupTypeCache (233ms)
			ReleaseScriptCaches (0ms)
			RebuildScriptCaches (37ms)
			SetupLoadedEditorAssemblies (1109ms)
				LogAssemblyErrors (0ms)
				InitializePlatformSupportModulesInManaged (4ms)
				SetLoadedEditorAssemblies (0ms)
				RefreshPlugins (0ms)
				BeforeProcessingInitializeOnLoad (70ms)
				ProcessInitializeOnLoadAttributes (1018ms)
				ProcessInitializeOnLoadMethodAttributes (10ms)
				AfterProcessingInitializeOnLoad (7ms)
				EditorAssembliesLoaded (0ms)
			ExecutionOrderSort2 (0ms)
			AwakeInstancesAfterBackupRestoration (6ms)
Platform modules already initialized, skipping
========================================================================
Worker process is ready to serve import requests
Launched and connected shader compiler UnityShaderCompiler.exe after 1.17 seconds
Refreshing native plugins compatible for Editor in 0.33 ms, found 2 plugins.
Preloading 0 native plugins for Editor in 0.00 ms.
Unloading 1471 Unused Serialized files (Serialized files now loaded: 0)
System memory in use before: 68.3 MB.
System memory in use after: 68.4 MB.

Unloading 20 unused Assets to reduce memory usage. Loaded Objects now: 1909.
Total: 2.254100 ms (FindLiveObjects: 0.139900 ms CreateObjectMapping: 0.043700 ms MarkObjects: 2.019300 ms  DeleteObjects: 0.050500 ms)

AssetImportParameters requested are different than current active one (requested -> active):
  custom:framework-win-MediaFoundation: 216162199b28c13a410421893ffa2e32 -> 
  custom:video-decoder-ogg-theora: a1e56fd34408186e4bbccfd4996cb3dc -> 
  custom:container-muxer-webm: aa71ff27fc2769a1b78a27578f13a17b -> 
  custom:container-demuxer-webm: 4f35f7cbe854078d1ac9338744f61a02 -> 
  custom:container-demuxer-ogg: 62fdf1f143b41e24485cea50d1cbac27 -> 
  custom:video-encoder-webm-vp8: eb34c28f22e8b96e1ab97ce403110664 -> 
  custom:video-decoder-webm-vp8: 9c59270c3fd7afecdb556c50c9e8de78 -> 
  custom:audio-decoder-ogg-vorbis: bf7c407c2cedff20999df2af8eb42d56 -> 
  custom:audio-encoder-webm-vorbis: bf7c407c2cedff20999df2af8eb42d56 -> 
========================================================================
Received Import Request.
  path: Assets/Gothicvania/Town/Animations/town-beardedman-idle.anim
  artifactKey: Guid(f4eb954b664ef49d08e94e8cf6e1a49f) Importer(815301076,1909f56bfc062723c751e8b465ee728b)
Start importing Assets/Gothicvania/Town/Animations/town-beardedman-idle.anim using Guid(f4eb954b664ef49d08e94e8cf6e1a49f) Importer(815301076,1909f56bfc062723c751e8b465ee728b)  -> (artifact id: 'd62ff4036b8ac0a61e2413126080377f') in 0.255935 seconds 
  Import took 0.390480 seconds .

========================================================================
Received Import Request.
  Time since last request: 43.333254 seconds.
  path: Assets/Gothicvania/Town/Animations/town-beardedman-idle.controller
  artifactKey: Guid(c47bd3f1a68ca4caca94bbbebf69ba0e) Importer(815301076,1909f56bfc062723c751e8b465ee728b)
Start importing Assets/Gothicvania/Town/Animations/town-beardedman-idle.controller using Guid(c47bd3f1a68ca4caca94bbbebf69ba0e) Importer(815301076,1909f56bfc062723c751e8b465ee728b)  -> (artifact id: '4df36f7c2943435256ef33059c9900cb') in 0.006246 seconds 
  Import took 0.061863 seconds .

========================================================================
Received Import Request.
  Time since last request: 111.366698 seconds.
  path: Assets/Gothicvania/Swamp/Sprites/Spider/spider4.png
  artifactKey: Guid(fb3457b7f12784b65bf5dd96d9df4555) Importer(815301076,1909f56bfc062723c751e8b465ee728b)
Start importing Assets/Gothicvania/Swamp/Sprites/Spider/spider4.png using Guid(fb3457b7f12784b65bf5dd96d9df4555) Importer(815301076,1909f56bfc062723c751e8b465ee728b)  -> (artifact id: '6bb21ab4180f384c99493e3d222c910a') in 0.171998 seconds 
  Import took 0.196164 seconds .

========================================================================
Received Import Request.
  Time since last request: 0.000146 seconds.
  path: Assets/Gothicvania/Town/Environment/tileset/stairs-mirror-left.png
  artifactKey: Guid(c9c0121df426946c4a17cf572c4abfd5) Importer(815301076,1909f56bfc062723c751e8b465ee728b)
Start importing Assets/Gothicvania/Town/Environment/tileset/stairs-mirror-left.png using Guid(c9c0121df426946c4a17cf572c4abfd5) Importer(815301076,1909f56bfc062723c751e8b465ee728b)  -> (artifact id: 'ede2246324fb683fa0fa686b9391724f') in 0.019050 seconds 
  Import took 0.056326 seconds .

========================================================================
Received Import Request.
  Time since last request: 0.000145 seconds.
  path: Packages/com.unity.2d.sprite/Editor/ObjectMenuCreation/DefaultAssets/Textures/Square.png
  artifactKey: Guid(48e93eef0688c4a259cb0eddcd8661f7) Importer(815301076,1909f56bfc062723c751e8b465ee728b)
Start importing Packages/com.unity.2d.sprite/Editor/ObjectMenuCreation/DefaultAssets/Textures/Square.png using Guid(48e93eef0688c4a259cb0eddcd8661f7) Importer(815301076,1909f56bfc062723c751e8b465ee728b)  -> (artifact id: 'a5e8c35382549fe4b0f019b896c34994') in 0.041276 seconds 
  Import took 0.071484 seconds .

========================================================================
Received Import Request.
  Time since last request: 0.000148 seconds.
  path: Assets/Gothicvania/Town/Environment/tileset/stairs-mirror-left.png
  artifactKey: Guid(c9c0121df426946c4a17cf572c4abfd5) Importer(815301076,1909f56bfc062723c751e8b465ee728b)
Start importing Assets/Gothicvania/Town/Environment/tileset/stairs-mirror-left.png using Guid(c9c0121df426946c4a17cf572c4abfd5) Importer(815301076,1909f56bfc062723c751e8b465ee728b)  -> (artifact id: 'ede2246324fb683fa0fa686b9391724f') in 0.024790 seconds 
  Import took 0.061700 seconds .

========================================================================
Received Import Request.
  Time since last request: 0.000182 seconds.
  path: Packages/com.unity.2d.sprite/Editor/ObjectMenuCreation/DefaultAssets/Textures/SquareWithBorder.png
  artifactKey: Guid(db750325989564987a34393247d883b4) Importer(815301076,1909f56bfc062723c751e8b465ee728b)
Start importing Packages/com.unity.2d.sprite/Editor/ObjectMenuCreation/DefaultAssets/Textures/SquareWithBorder.png using Guid(db750325989564987a34393247d883b4) Importer(815301076,1909f56bfc062723c751e8b465ee728b)  -> (artifact id: '3fc290c3e01f906fc28726077288077a') in 0.098693 seconds 
  Import took 0.124428 seconds .

========================================================================
Received Import Request.
  Time since last request: 0.000145 seconds.
  path: Assets/Gothicvania/Town/Environment/tileset/stairs-mirror-right.png
  artifactKey: Guid(0da3760f971774ab2b579f57ea9d257e) Importer(815301076,1909f56bfc062723c751e8b465ee728b)
Start importing Assets/Gothicvania/Town/Environment/tileset/stairs-mirror-right.png using Guid(0da3760f971774ab2b579f57ea9d257e) Importer(815301076,1909f56bfc062723c751e8b465ee728b)  -> (artifact id: 'a9ba8865eb70d94cdd18ba4008eb8711') in 0.013473 seconds 
  Import took 0.036842 seconds .

========================================================================
Received Import Request.
  Time since last request: 0.000142 seconds.
  path: Assets/Gothicvania/Town/Environment/tileset/stairs-left.png
  artifactKey: Guid(9b3f5e3b1c9ca42abbd9656c79a457c1) Importer(815301076,1909f56bfc062723c751e8b465ee728b)
Start importing Assets/Gothicvania/Town/Environment/tileset/stairs-left.png using Guid(9b3f5e3b1c9ca42abbd9656c79a457c1) Importer(815301076,1909f56bfc062723c751e8b465ee728b)  -> (artifact id: '4f944dc1598dba7809d22d227a769a93') in 0.017358 seconds 
  Import took 0.032153 seconds .

========================================================================
Received Import Request.
  Time since last request: 0.004924 seconds.
  path: Assets/Gothicvania/Town/Environment/tileset/stairs-left.png
  artifactKey: Guid(9b3f5e3b1c9ca42abbd9656c79a457c1) Importer(815301076,1909f56bfc062723c751e8b465ee728b)
Start importing Assets/Gothicvania/Town/Environment/tileset/stairs-left.png using Guid(9b3f5e3b1c9ca42abbd9656c79a457c1) Importer(815301076,1909f56bfc062723c751e8b465ee728b)  -> (artifact id: '4f944dc1598dba7809d22d227a769a93') in 0.011345 seconds 
  Import took 0.013695 seconds .

========================================================================
Received Import Request.
  Time since last request: 2.157086 seconds.
  path: Assets/Gothicvania/Town/Environment/tileset/stairs-mirror.png
  artifactKey: Guid(db17021c541cf4333b331eac536e3d28) Importer(815301076,1909f56bfc062723c751e8b465ee728b)
Start importing Assets/Gothicvania/Town/Environment/tileset/stairs-mirror.png using Guid(db17021c541cf4333b331eac536e3d28) Importer(815301076,1909f56bfc062723c751e8b465ee728b)  -> (artifact id: '74d22f73c74718d66e4e0da78a21182b') in 0.042734 seconds 
  Import took 0.046589 seconds .

========================================================================
Received Import Request.
  Time since last request: 0.000184 seconds.
  path: Assets/Gothicvania/Town/Environment/tileset/stairs-right.png
  artifactKey: Guid(d9f50f119881d4482b730509af83ef67) Importer(815301076,1909f56bfc062723c751e8b465ee728b)
Start importing Assets/Gothicvania/Town/Environment/tileset/stairs-right.png using Guid(d9f50f119881d4482b730509af83ef67) Importer(815301076,1909f56bfc062723c751e8b465ee728b)  -> (artifact id: '81276bc6aadec644116a75d8f201a82d') in 0.028286 seconds 
  Import took 0.057128 seconds .

========================================================================
Received Import Request.
  Time since last request: 0.000139 seconds.
  path: Assets/Gothicvania/Town/Environment/tileset/stairs-wall-left.png
  artifactKey: Guid(1303765b3aff140c8a481f5450035d08) Importer(815301076,1909f56bfc062723c751e8b465ee728b)
Start importing Assets/Gothicvania/Town/Environment/tileset/stairs-wall-left.png using Guid(1303765b3aff140c8a481f5450035d08) Importer(815301076,1909f56bfc062723c751e8b465ee728b)  -> (artifact id: '297398faf9d5bc55c1641c9de8d1fde0') in 0.025647 seconds 
  Import took 0.043773 seconds .

========================================================================
Received Import Request.
  Time since last request: 0.000147 seconds.
  path: Assets/Gothicvania/Town/Environment/tileset/stairs-wall-mirror-left.png
  artifactKey: Guid(12611da468ae148e4b4de205a67dbac2) Importer(815301076,1909f56bfc062723c751e8b465ee728b)
Start importing Assets/Gothicvania/Town/Environment/tileset/stairs-wall-mirror-left.png using Guid(12611da468ae148e4b4de205a67dbac2) Importer(815301076,1909f56bfc062723c751e8b465ee728b)  -> (artifact id: '06619db8d94b1a3db8d0d9f866236e4b') in 0.029140 seconds 
  Import took 0.049743 seconds .

========================================================================
Received Import Request.
  Time since last request: 0.769228 seconds.
  path: Assets/Gothicvania/Town/Environment/tileset/stairs-wall-mirror-right.png
  artifactKey: Guid(a15be16791e2a4bf9926da9c40933bf3) Importer(815301076,1909f56bfc062723c751e8b465ee728b)
Start importing Assets/Gothicvania/Town/Environment/tileset/stairs-wall-mirror-right.png using Guid(a15be16791e2a4bf9926da9c40933bf3) Importer(815301076,1909f56bfc062723c751e8b465ee728b)  -> (artifact id: 'c6c851755d1f0d0ea95c0b44445877e1') in 0.015963 seconds 
  Import took 0.042928 seconds .

========================================================================
Received Import Request.
  Time since last request: 0.000152 seconds.
  path: Assets/Gothicvania/Town/Environment/tileset/stairs-wall-mirror.png
  artifactKey: Guid(8d62eb9e1c1cf4f189a234c4d966ab8b) Importer(815301076,1909f56bfc062723c751e8b465ee728b)
Start importing Assets/Gothicvania/Town/Environment/tileset/stairs-wall-mirror.png using Guid(8d62eb9e1c1cf4f189a234c4d966ab8b) Importer(815301076,1909f56bfc062723c751e8b465ee728b)  -> (artifact id: '158ff907a57880599bc6c6e051d342f4') in 0.017412 seconds 
  Import took 0.037922 seconds .

========================================================================
Received Import Request.
  Time since last request: 0.050022 seconds.
  path: Assets/Gothicvania/Town/Environment/tileset/stairs-wall-right.png
  artifactKey: Guid(8dabf977c81c04dff9a660aa781786e0) Importer(815301076,1909f56bfc062723c751e8b465ee728b)
Start importing Assets/Gothicvania/Town/Environment/tileset/stairs-wall-right.png using Guid(8dabf977c81c04dff9a660aa781786e0) Importer(815301076,1909f56bfc062723c751e8b465ee728b)  -> (artifact id: '038cfd257a114c4e0bebd75f92014701') in 0.043471 seconds 
  Import took 0.046920 seconds .

========================================================================
Received Import Request.
  Time since last request: 0.352354 seconds.
  path: Assets/Gothicvania/Town/Environment/tileset/stairs-wall.png
  artifactKey: Guid(c9d7e1e7b60264919aa1001a0f30937d) Importer(815301076,1909f56bfc062723c751e8b465ee728b)
Start importing Assets/Gothicvania/Town/Environment/tileset/stairs-wall.png using Guid(c9d7e1e7b60264919aa1001a0f30937d) Importer(815301076,1909f56bfc062723c751e8b465ee728b)  -> (artifact id: '36e6fce81b33b38441bbb156b53969d2') in 0.020126 seconds 
  Import took 0.040951 seconds .

========================================================================
Received Import Request.
  Time since last request: 0.000189 seconds.
  path: Assets/Gothicvania/Town/Environment/tileset/stairs.png
  artifactKey: Guid(0c95c58df137b491cb57ba2b40550c49) Importer(815301076,1909f56bfc062723c751e8b465ee728b)
Start importing Assets/Gothicvania/Town/Environment/tileset/stairs.png using Guid(0c95c58df137b491cb57ba2b40550c49) Importer(815301076,1909f56bfc062723c751e8b465ee728b)  -> (artifact id: '5fde6be43a35d1f34f25a522462b09cf') in 0.015595 seconds 
  Import took 0.048250 seconds .

========================================================================
Received Import Request.
  Time since last request: 0.016275 seconds.
  path: Assets/Gothicvania/Swamp/Sprites/Player/stand/stand.png
  artifactKey: Guid(8fafb0f7ac835417d9ad4d4337d461ba) Importer(815301076,1909f56bfc062723c751e8b465ee728b)
Start importing Assets/Gothicvania/Swamp/Sprites/Player/stand/stand.png using Guid(8fafb0f7ac835417d9ad4d4337d461ba) Importer(815301076,1909f56bfc062723c751e8b465ee728b)  -> (artifact id: '192685ef933e7d393f7db6b435729531') in 0.053009 seconds 
  Import took 0.075014 seconds .

========================================================================
Received Import Request.
  Time since last request: 0.000151 seconds.
  path: Packages/com.unity.collab-proxy/Editor/PlasticSCM/Assets/Images/step1.png
  artifactKey: Guid(9ce84ff0fdeb13d4a83f077d075dd9a5) Importer(815301076,1909f56bfc062723c751e8b465ee728b)
Start importing Packages/com.unity.collab-proxy/Editor/PlasticSCM/Assets/Images/step1.png using Guid(9ce84ff0fdeb13d4a83f077d075dd9a5) Importer(815301076,1909f56bfc062723c751e8b465ee728b)  -> (artifact id: '6b3b000b79ebf6c6bbbe657b790dffe6') in 0.047033 seconds 
  Import took 0.069028 seconds .

========================================================================
Received Import Request.
  Time since last request: 0.146435 seconds.
  path: Packages/com.unity.collab-proxy/Editor/PlasticSCM/Assets/Images/step1@2x.png
  artifactKey: Guid(affeade9874cf2347abb155e8d0db4d8) Importer(815301076,1909f56bfc062723c751e8b465ee728b)
Start importing Packages/com.unity.collab-proxy/Editor/PlasticSCM/Assets/Images/step1@2x.png using Guid(affeade9874cf2347abb155e8d0db4d8) Importer(815301076,1909f56bfc062723c751e8b465ee728b)  -> (artifact id: '3a81352c8f49eefb8fa487481a3dfb25') in 0.037650 seconds 
  Import took 0.055955 seconds .

========================================================================
Received Import Request.
  Time since last request: 0.000153 seconds.
  path: Packages/com.unity.collab-proxy/Editor/PlasticSCM/Assets/Images/step3.png
  artifactKey: Guid(69899ed144c8eea4baea48b858b37746) Importer(815301076,1909f56bfc062723c751e8b465ee728b)
Start importing Packages/com.unity.collab-proxy/Editor/PlasticSCM/Assets/Images/step3.png using Guid(69899ed144c8eea4baea48b858b37746) Importer(815301076,1909f56bfc062723c751e8b465ee728b)  -> (artifact id: 'a05b07ffbaf6bc8e801b32a707094319') in 0.034381 seconds 
  Import took 0.062850 seconds .

========================================================================
Received Import Request.
  Time since last request: 0.000162 seconds.
  path: Packages/com.unity.collab-proxy/Editor/PlasticSCM/Assets/Images/step3@2x.png
  artifactKey: Guid(36e6970b84831434a9eac79abd03700b) Importer(815301076,1909f56bfc062723c751e8b465ee728b)
Start importing Packages/com.unity.collab-proxy/Editor/PlasticSCM/Assets/Images/step3@2x.png using Guid(36e6970b84831434a9eac79abd03700b) Importer(815301076,1909f56bfc062723c751e8b465ee728b)  -> (artifact id: 'e8f84bb0777f9f43be398774932059fb') in 0.034057 seconds 
  Import took 0.051336 seconds .

========================================================================
Received Import Request.
  Time since last request: 0.000180 seconds.
  path: Packages/com.unity.collab-proxy/Editor/PlasticSCM/Assets/Images/step2.png
  artifactKey: Guid(cd0b17b71a5c498428ee91dee8a78a88) Importer(815301076,1909f56bfc062723c751e8b465ee728b)
Start importing Packages/com.unity.collab-proxy/Editor/PlasticSCM/Assets/Images/step2.png using Guid(cd0b17b71a5c498428ee91dee8a78a88) Importer(815301076,1909f56bfc062723c751e8b465ee728b)  -> (artifact id: 'fd466d6eba7976ad1e9627b2e7d8f229') in 0.035170 seconds 
  Import took 0.058504 seconds .

========================================================================
Received Import Request.
  Time since last request: 0.000149 seconds.
  path: Packages/com.unity.collab-proxy/Editor/PlasticSCM/Assets/Images/stepok.png
  artifactKey: Guid(d4780dc1205c7c7478c970d8c61d24e8) Importer(815301076,1909f56bfc062723c751e8b465ee728b)
Start importing Packages/com.unity.collab-proxy/Editor/PlasticSCM/Assets/Images/stepok.png using Guid(d4780dc1205c7c7478c970d8c61d24e8) Importer(815301076,1909f56bfc062723c751e8b465ee728b)  -> (artifact id: '3954831df12b2abc6caef3ebb04070a2') in 0.031381 seconds 
  Import took 0.054166 seconds .

========================================================================
Received Import Request.
  Time since last request: 0.000144 seconds.
  path: Packages/com.unity.collab-proxy/Editor/PlasticSCM/Assets/Images/step2@2x.png
  artifactKey: Guid(0029170d14ce6c04c9f45c22cdae5559) Importer(815301076,1909f56bfc062723c751e8b465ee728b)
Start importing Packages/com.unity.collab-proxy/Editor/PlasticSCM/Assets/Images/step2@2x.png using Guid(0029170d14ce6c04c9f45c22cdae5559) Importer(815301076,1909f56bfc062723c751e8b465ee728b)  -> (artifact id: '48ddec4897356309ecbfa1bcf8aec110') in 0.031583 seconds 
  Import took 0.052813 seconds .

========================================================================
Received Import Request.
  Time since last request: 0.000148 seconds.
  path: Packages/com.unity.collab-proxy/Editor/PlasticSCM/Assets/Images/stepok@2x.png
  artifactKey: Guid(be340a165cb9c8d4cb50f1deeb51d4ea) Importer(815301076,1909f56bfc062723c751e8b465ee728b)
Start importing Packages/com.unity.collab-proxy/Editor/PlasticSCM/Assets/Images/stepok@2x.png using Guid(be340a165cb9c8d4cb50f1deeb51d4ea) Importer(815301076,1909f56bfc062723c751e8b465ee728b)  -> (artifact id: 'f9587be7fd033b00619d6c4597d1b246') in 0.028555 seconds 
  Import took 0.062592 seconds .

========================================================================
Received Import Request.
  Time since last request: 0.000145 seconds.
  path: Assets/Gothicvania/Town/Environment/props/street-lamp.png
  artifactKey: Guid(4f21d02d3ca1c4521bbeffb4c158b72e) Importer(815301076,1909f56bfc062723c751e8b465ee728b)
Start importing Assets/Gothicvania/Town/Environment/props/street-lamp.png using Guid(4f21d02d3ca1c4521bbeffb4c158b72e) Importer(815301076,1909f56bfc062723c751e8b465ee728b)  -> (artifact id: 'fed3ca42424b4ebf9d2d9d80f0347d4c') in 0.069299 seconds 
  Import took 0.090192 seconds .

========================================================================
Received Import Request.
  Time since last request: 1.591336 seconds.
  path: Assets/Gothicvania/Swamp/Sprites/Thing/thing1.png
  artifactKey: Guid(bacb697df678f4a33b3a91a62402c0bc) Importer(815301076,1909f56bfc062723c751e8b465ee728b)
Start importing Assets/Gothicvania/Swamp/Sprites/Thing/thing1.png using Guid(bacb697df678f4a33b3a91a62402c0bc) Importer(815301076,1909f56bfc062723c751e8b465ee728b)  -> (artifact id: 'f73a30b09b95e9f98acdfc5baab26a8e') in 0.067759 seconds 
  Import took 0.100196 seconds .

========================================================================
Received Import Request.
  Time since last request: 0.000160 seconds.
  path: Assets/Gothicvania/Swamp/Sprites/Thing/thing2.png
  artifactKey: Guid(270719ac6782246c4813f8f6e5f67d67) Importer(815301076,1909f56bfc062723c751e8b465ee728b)
Start importing Assets/Gothicvania/Swamp/Sprites/Thing/thing2.png using Guid(270719ac6782246c4813f8f6e5f67d67) Importer(815301076,1909f56bfc062723c751e8b465ee728b)  -> (artifact id: 'ca3c40e7310dd223a583275565682157') in 0.057498 seconds 
  Import took 0.105657 seconds .

========================================================================
Received Import Request.
  Time since last request: 0.146095 seconds.
  path: Assets/Gothicvania/Swamp/Sprites/Thing/thing3.png
  artifactKey: Guid(63c564a1bcc01420caab21bcc7d98363) Importer(815301076,1909f56bfc062723c751e8b465ee728b)
Start importing Assets/Gothicvania/Swamp/Sprites/Thing/thing3.png using Guid(63c564a1bcc01420caab21bcc7d98363) Importer(815301076,1909f56bfc062723c751e8b465ee728b)  -> (artifact id: '49c2bf1d835769960b7c5ffcb8f6d3c2') in 0.204132 seconds 
  Import took 0.228698 seconds .

========================================================================
Received Import Request.
  Time since last request: 0.000448 seconds.
  path: Assets/Gothicvania/Patreon/Gothic-Horror-Files/tiles.png
  artifactKey: Guid(b7cbe73720fe78840a55858b0377226a) Importer(815301076,1909f56bfc062723c751e8b465ee728b)
Start importing Assets/Gothicvania/Patreon/Gothic-Horror-Files/tiles.png using Guid(b7cbe73720fe78840a55858b0377226a) Importer(815301076,1909f56bfc062723c751e8b465ee728b)  -> (artifact id: '0584038eb3088ed5d8d0c6a5b9bd0ca7') in 0.714946 seconds 
  Import took 0.752202 seconds .

========================================================================
Received Import Request.
  Time since last request: 0.000152 seconds.
  path: Assets/Gothicvania/Swamp/Sprites/Thing/thing4.png
  artifactKey: Guid(025d4155126f34d1e96274b8f10c3425) Importer(815301076,1909f56bfc062723c751e8b465ee728b)
Start importing Assets/Gothicvania/Swamp/Sprites/Thing/thing4.png using Guid(025d4155126f34d1e96274b8f10c3425) Importer(815301076,1909f56bfc062723c751e8b465ee728b)  -> (artifact id: '56eef4ca4af2704311b8109a9beb91fa') in 0.058542 seconds 
  Import took 0.096284 seconds .

========================================================================
Received Import Request.
  Time since last request: 10.006424 seconds.
  path: Assets/Gothicvania/Patreon/night-town-background-files/layers/night-town-background-mountains.png
  artifactKey: Guid(36e579fc438e18d4cbbd4901f4c8493a) Importer(815301076,1909f56bfc062723c751e8b465ee728b)
Start importing Assets/Gothicvania/Patreon/night-town-background-files/layers/night-town-background-mountains.png using Guid(36e579fc438e18d4cbbd4901f4c8493a) Importer(815301076,1909f56bfc062723c751e8b465ee728b)  -> (artifact id: '009ec58a84333fa7e16836f8b4e1484f') in 0.041345 seconds 
  Import took 0.043483 seconds .

========================================================================
Received Import Request.
  Time since last request: 0.000156 seconds.
  path: Assets/Gothicvania/Patreon/night-town-background-files/night-town-background-previewx1.png
  artifactKey: Guid(c030fe6761f2808429c2dcdfbf7bed14) Importer(815301076,1909f56bfc062723c751e8b465ee728b)
Start importing Assets/Gothicvania/Patreon/night-town-background-files/night-town-background-previewx1.png using Guid(c030fe6761f2808429c2dcdfbf7bed14) Importer(815301076,1909f56bfc062723c751e8b465ee728b)  -> (artifact id: '7cabeb8b34a79a307bcdfe87b9658be1') in 0.034699 seconds 
  Import took 0.051961 seconds .

========================================================================
Received Import Request.
  Time since last request: 0.000201 seconds.
  path: Assets/Gothicvania/Patreon/night-town-background-files/layers/night-town-background-mountains-lights.png
  artifactKey: Guid(b181d0e11a1f7544485c7f91f7ed5a40) Importer(815301076,1909f56bfc062723c751e8b465ee728b)
Start importing Assets/Gothicvania/Patreon/night-town-background-files/layers/night-town-background-mountains-lights.png using Guid(b181d0e11a1f7544485c7f91f7ed5a40) Importer(815301076,1909f56bfc062723c751e8b465ee728b)  -> (artifact id: 'b4f9bb254b432b7433b383c105294c47') in 0.035820 seconds 
  Import took 0.054398 seconds .

========================================================================
Received Import Request.
  Time since last request: 0.000148 seconds.
  path: Assets/Gothicvania/Patreon/Gothic-Horror-Files/town.png
  artifactKey: Guid(62bcb78a7e66964408c929d99ec7f79c) Importer(815301076,1909f56bfc062723c751e8b465ee728b)
Start importing Assets/Gothicvania/Patreon/Gothic-Horror-Files/town.png using Guid(62bcb78a7e66964408c929d99ec7f79c) Importer(815301076,1909f56bfc062723c751e8b465ee728b)  -> (artifact id: '5daf479fcdf04920059b34b25a77d044') in 0.049772 seconds 
  Import took 0.087226 seconds .

========================================================================
Received Import Request.
  Time since last request: 0.000178 seconds.
  path: Assets/Gothicvania/Patreon/night-town-background-files/layers/night-town-background-sky.png
  artifactKey: Guid(89703c9f1c7ebe84f86d65a5cce9716f) Importer(815301076,1909f56bfc062723c751e8b465ee728b)
Start importing Assets/Gothicvania/Patreon/night-town-background-files/layers/night-town-background-sky.png using Guid(89703c9f1c7ebe84f86d65a5cce9716f) Importer(815301076,1909f56bfc062723c751e8b465ee728b)  -> (artifact id: 'd3c2b45de9a9f8f08c2e72fcad5534f6') in 0.035328 seconds 
  Import took 0.070204 seconds .

========================================================================
Received Import Request.
  Time since last request: 0.000185 seconds.
  path: Assets/Gothicvania/Patreon/night-town-background-files/layers/night-town-background-town.png
  artifactKey: Guid(31321e0ef756fff4abcfde794465a03b) Importer(815301076,1909f56bfc062723c751e8b465ee728b)
Start importing Assets/Gothicvania/Patreon/night-town-background-files/layers/night-town-background-town.png using Guid(31321e0ef756fff4abcfde794465a03b) Importer(815301076,1909f56bfc062723c751e8b465ee728b)  -> (artifact id: '4c54e19b09f1a6351b7a05761d003f41') in 0.058715 seconds 
  Import took 0.090874 seconds .

========================================================================
Received Import Request.
  Time since last request: 51.875766 seconds.
  path: Assets/Gothicvania/Town/Environment/props
  artifactKey: Guid(b648479c21ad8954db8d2f118d3dc470) Importer(815301076,1909f56bfc062723c751e8b465ee728b)
Start importing Assets/Gothicvania/Town/Environment/props using Guid(b648479c21ad8954db8d2f118d3dc470) Importer(815301076,1909f56bfc062723c751e8b465ee728b)  -> (artifact id: 'c84980ee36c2271c4a9bec4990c7ccab') in 0.001813 seconds 
  Import took 0.117742 seconds .

========================================================================
Received Import Request.
  Time since last request: 3.983676 seconds.
  path: Assets/Gothicvania/Town/Environment/tileset
  artifactKey: Guid(a5aa414a4d09b934dad5ed292300bc32) Importer(815301076,1909f56bfc062723c751e8b465ee728b)
Start importing Assets/Gothicvania/Town/Environment/tileset using Guid(a5aa414a4d09b934dad5ed292300bc32) Importer(815301076,1909f56bfc062723c751e8b465ee728b)  -> (artifact id: '991ca1ea12815d17db3ad671433c7a8c') in 0.006251 seconds 
  Import took 0.121807 seconds .

========================================================================
Received Import Request.
  Time since last request: 10.340848 seconds.
  path: Assets/Gothicvania/Town/Sprites/bearded-idle
  artifactKey: Guid(6050d2feb234b4548aa74aee7650baa6) Importer(815301076,1909f56bfc062723c751e8b465ee728b)
Start importing Assets/Gothicvania/Town/Sprites/bearded-idle using Guid(6050d2feb234b4548aa74aee7650baa6) Importer(815301076,1909f56bfc062723c751e8b465ee728b)  -> (artifact id: 'f62562ad30eeb471502bdbf0f3cd3a78') in 0.005892 seconds 
  Import took 0.039901 seconds .

========================================================================
Received Import Request.
  Time since last request: 7.414450 seconds.
  path: Assets/Gothicvania/Town/Sprites/bearded-idle/bearded-idle-4.png
  artifactKey: Guid(b7c237ced05de4c44a8337e4c9d5da9f) Importer(815301076,1909f56bfc062723c751e8b465ee728b)
Start importing Assets/Gothicvania/Town/Sprites/bearded-idle/bearded-idle-4.png using Guid(b7c237ced05de4c44a8337e4c9d5da9f) Importer(815301076,1909f56bfc062723c751e8b465ee728b)  -> (artifact id: '6bee2f1e607564a6ae475570a9165a73') in 0.011236 seconds 
  Import took 0.037493 seconds .

========================================================================
Received Import Request.
  Time since last request: 0.003292 seconds.
  path: Assets/Gothicvania/Town/Sprites/bearded-idle/bearded-idle-4.png
  artifactKey: Guid(b7c237ced05de4c44a8337e4c9d5da9f) Importer(815301076,1909f56bfc062723c751e8b465ee728b)
Start importing Assets/Gothicvania/Town/Sprites/bearded-idle/bearded-idle-4.png using Guid(b7c237ced05de4c44a8337e4c9d5da9f) Importer(815301076,1909f56bfc062723c751e8b465ee728b)  -> (artifact id: '6bee2f1e607564a6ae475570a9165a73') in 0.010827 seconds 
  Import took 0.012922 seconds .

========================================================================
Received Import Request.
  Time since last request: 123.617023 seconds.
  path: Assets/Gothicvania/Town/Sprites/bearded-idle/bearded-idle-1.png
  artifactKey: Guid(e4ab738c3a9c842b69fa93cbbff0ea53) Importer(815301076,1909f56bfc062723c751e8b465ee728b)
Start importing Assets/Gothicvania/Town/Sprites/bearded-idle/bearded-idle-1.png using Guid(e4ab738c3a9c842b69fa93cbbff0ea53) Importer(815301076,1909f56bfc062723c751e8b465ee728b)  -> (artifact id: 'd6a1bcc53978c8fd4d93477658e78a7b') in 0.018048 seconds 
  Import took 0.033583 seconds .

========================================================================
Received Import Request.
  Time since last request: 0.005560 seconds.
  path: Assets/Gothicvania/Town/Sprites/bearded-idle/bearded-idle-1.png
  artifactKey: Guid(e4ab738c3a9c842b69fa93cbbff0ea53) Importer(815301076,1909f56bfc062723c751e8b465ee728b)
Start importing Assets/Gothicvania/Town/Sprites/bearded-idle/bearded-idle-1.png using Guid(e4ab738c3a9c842b69fa93cbbff0ea53) Importer(815301076,1909f56bfc062723c751e8b465ee728b)  -> (artifact id: 'd6a1bcc53978c8fd4d93477658e78a7b') in 0.007558 seconds 
  Import took 0.009624 seconds .

========================================================================
Received Prepare
Registering precompiled user dll's ...
Registered in 0.002863 seconds.
Begin MonoManager ReloadAssembly
Native extension for WindowsStandalone target not found
Refreshing native plugins compatible for Editor in 0.34 ms, found 2 plugins.
Preloading 0 native plugins for Editor in 0.00 ms.
Mono: successfully reloaded assembly
- Completed reload, in  0.836 seconds
Domain Reload Profiling:
	ReloadAssembly (837ms)
		BeginReloadAssembly (92ms)
			ExecutionOrderSort (0ms)
			DisableScriptedObjects (5ms)
			BackupInstance (0ms)
			ReleaseScriptingObjects (0ms)
			CreateAndSetChildDomain (26ms)
		EndReloadAssembly (682ms)
			LoadAssemblies (73ms)
			RebuildTransferFunctionScriptingTraits (0ms)
			SetupTypeCache (227ms)
			ReleaseScriptCaches (1ms)
			RebuildScriptCaches (34ms)
			SetupLoadedEditorAssemblies (263ms)
				LogAssemblyErrors (0ms)
				InitializePlatformSupportModulesInManaged (4ms)
				SetLoadedEditorAssemblies (0ms)
				RefreshPlugins (0ms)
				BeforeProcessingInitializeOnLoad (63ms)
				ProcessInitializeOnLoadAttributes (182ms)
				ProcessInitializeOnLoadMethodAttributes (6ms)
				AfterProcessingInitializeOnLoad (6ms)
				EditorAssembliesLoaded (0ms)
			ExecutionOrderSort2 (0ms)
			AwakeInstancesAfterBackupRestoration (6ms)
Platform modules already initialized, skipping
Refreshing native plugins compatible for Editor in 0.34 ms, found 2 plugins.
Preloading 0 native plugins for Editor in 0.00 ms.
Unloading 1465 Unused Serialized files (Serialized files now loaded: 0)
System memory in use before: 71.5 MB.
System memory in use after: 71.6 MB.

Unloading 11 unused Assets to reduce memory usage. Loaded Objects now: 1943.
Total: 2.201300 ms (FindLiveObjects: 0.116300 ms CreateObjectMapping: 0.040600 ms MarkObjects: 2.030500 ms  DeleteObjects: 0.013300 ms)

AssetImportParameters requested are different than current active one (requested -> active):
  custom:framework-win-MediaFoundation: 216162199b28c13a410421893ffa2e32 -> 
  custom:video-decoder-ogg-theora: a1e56fd34408186e4bbccfd4996cb3dc -> 
  custom:container-muxer-webm: aa71ff27fc2769a1b78a27578f13a17b -> 
  custom:container-demuxer-webm: 4f35f7cbe854078d1ac9338744f61a02 -> 
  custom:container-demuxer-ogg: 62fdf1f143b41e24485cea50d1cbac27 -> 
  custom:video-encoder-webm-vp8: eb34c28f22e8b96e1ab97ce403110664 -> 
  custom:video-decoder-webm-vp8: 9c59270c3fd7afecdb556c50c9e8de78 -> 
  custom:audio-decoder-ogg-vorbis: bf7c407c2cedff20999df2af8eb42d56 -> 
  custom:audio-encoder-webm-vorbis: bf7c407c2cedff20999df2af8eb42d56 -> 
========================================================================
Received Import Request.
  Time since last request: 249.746059 seconds.
  path: Assets/Gothicvania/Town/Environment/props/barrel.png
  artifactKey: Guid(a29c023f27ad34e45852863a878d1984) Importer(815301076,1909f56bfc062723c751e8b465ee728b)
Start importing Assets/Gothicvania/Town/Environment/props/barrel.png using Guid(a29c023f27ad34e45852863a878d1984) Importer(815301076,1909f56bfc062723c751e8b465ee728b)  -> (artifact id: '01f3e2b6f1254e646c7b7795671b1ca3') in 0.045908 seconds 
  Import took 0.066973 seconds .

========================================================================
Received Prepare
Registering precompiled user dll's ...
Registered in 0.003517 seconds.
Begin MonoManager ReloadAssembly
Native extension for WindowsStandalone target not found
Refreshing native plugins compatible for Editor in 0.40 ms, found 2 plugins.
Preloading 0 native plugins for Editor in 0.00 ms.
Mono: successfully reloaded assembly
- Completed reload, in  0.886 seconds
Domain Reload Profiling:
	ReloadAssembly (886ms)
		BeginReloadAssembly (93ms)
			ExecutionOrderSort (0ms)
			DisableScriptedObjects (5ms)
			BackupInstance (0ms)
			ReleaseScriptingObjects (0ms)
			CreateAndSetChildDomain (28ms)
		EndReloadAssembly (736ms)
			LoadAssemblies (76ms)
			RebuildTransferFunctionScriptingTraits (0ms)
			SetupTypeCache (234ms)
			ReleaseScriptCaches (1ms)
			RebuildScriptCaches (36ms)
			SetupLoadedEditorAssemblies (299ms)
				LogAssemblyErrors (0ms)
				InitializePlatformSupportModulesInManaged (4ms)
				SetLoadedEditorAssemblies (0ms)
				RefreshPlugins (0ms)
				BeforeProcessingInitializeOnLoad (66ms)
				ProcessInitializeOnLoadAttributes (215ms)
				ProcessInitializeOnLoadMethodAttributes (6ms)
				AfterProcessingInitializeOnLoad (6ms)
				EditorAssembliesLoaded (0ms)
			ExecutionOrderSort2 (0ms)
			AwakeInstancesAfterBackupRestoration (7ms)
Platform modules already initialized, skipping
Refreshing native plugins compatible for Editor in 0.36 ms, found 2 plugins.
Preloading 0 native plugins for Editor in 0.00 ms.
Unloading 1465 Unused Serialized files (Serialized files now loaded: 0)
System memory in use before: 71.6 MB.
System memory in use after: 71.7 MB.

Unloading 11 unused Assets to reduce memory usage. Loaded Objects now: 1948.
Total: 2.238600 ms (FindLiveObjects: 0.120700 ms CreateObjectMapping: 0.041100 ms MarkObjects: 2.062800 ms  DeleteObjects: 0.013000 ms)

AssetImportParameters requested are different than current active one (requested -> active):
  custom:framework-win-MediaFoundation: 216162199b28c13a410421893ffa2e32 -> 
  custom:video-decoder-ogg-theora: a1e56fd34408186e4bbccfd4996cb3dc -> 
  custom:container-muxer-webm: aa71ff27fc2769a1b78a27578f13a17b -> 
  custom:container-demuxer-webm: 4f35f7cbe854078d1ac9338744f61a02 -> 
  custom:container-demuxer-ogg: 62fdf1f143b41e24485cea50d1cbac27 -> 
  custom:video-encoder-webm-vp8: eb34c28f22e8b96e1ab97ce403110664 -> 
  custom:video-decoder-webm-vp8: 9c59270c3fd7afecdb556c50c9e8de78 -> 
  custom:audio-decoder-ogg-vorbis: bf7c407c2cedff20999df2af8eb42d56 -> 
  custom:audio-encoder-webm-vorbis: bf7c407c2cedff20999df2af8eb42d56 -> 
========================================================================
Received Import Request.
  Time since last request: 173.223136 seconds.
  path: ProjectSettings/TagManager.asset
  artifactKey: Guid(00000000000000003000000000000000) Importer(815301076,1909f56bfc062723c751e8b465ee728b)
Start importing ProjectSettings/TagManager.asset using Guid(00000000000000003000000000000000) Importer(815301076,1909f56bfc062723c751e8b465ee728b)  -> (artifact id: '95df672b4aaba54310d34c83eef51bb8') in 0.015770 seconds 
  Import took 0.052488 seconds .

========================================================================
Received Import Request.
  Time since last request: 74.492339 seconds.
  path: Assets/Gothicvania/Town/Environment/props/well.png
  artifactKey: Guid(1dd5993292b954a53aae9df281d0a930) Importer(815301076,1909f56bfc062723c751e8b465ee728b)
Start importing Assets/Gothicvania/Town/Environment/props/well.png using Guid(1dd5993292b954a53aae9df281d0a930) Importer(815301076,1909f56bfc062723c751e8b465ee728b)  -> (artifact id: '51b7c02dd6dd1a5819bd0c205ed07171') in 0.072004 seconds 
  Import took 0.144566 seconds .

========================================================================
Received Import Request.
  Time since last request: 0.001158 seconds.
  path: Assets/Gothicvania/Town/Environment/props/well.png
  artifactKey: Guid(1dd5993292b954a53aae9df281d0a930) Importer(815301076,1909f56bfc062723c751e8b465ee728b)
Start importing Assets/Gothicvania/Town/Environment/props/well.png using Guid(1dd5993292b954a53aae9df281d0a930) Importer(815301076,1909f56bfc062723c751e8b465ee728b)  -> (artifact id: '51b7c02dd6dd1a5819bd0c205ed07171') in 0.022350 seconds 
  Import took 0.024348 seconds .

========================================================================
Received Import Request.
  Time since last request: 24.303259 seconds.
  path: Assets/Gothicvania/Town/Environment/props/house-c.png
  artifactKey: Guid(2918541d5830b40ff9298093228c04f6) Importer(815301076,1909f56bfc062723c751e8b465ee728b)
Start importing Assets/Gothicvania/Town/Environment/props/house-c.png using Guid(2918541d5830b40ff9298093228c04f6) Importer(815301076,1909f56bfc062723c751e8b465ee728b)  -> (artifact id: 'ad0fe0a8ce0591d9c47bb1524e781e35') in 0.019848 seconds 
  Import took 0.104985 seconds .

========================================================================
Received Import Request.
  Time since last request: 0.000710 seconds.
  path: Assets/Gothicvania/Town/Environment/props/house-c.png
  artifactKey: Guid(2918541d5830b40ff9298093228c04f6) Importer(815301076,1909f56bfc062723c751e8b465ee728b)
Start importing Assets/Gothicvania/Town/Environment/props/house-c.png using Guid(2918541d5830b40ff9298093228c04f6) Importer(815301076,1909f56bfc062723c751e8b465ee728b)  -> (artifact id: 'ad0fe0a8ce0591d9c47bb1524e781e35') in 0.012535 seconds 
  Import took 0.014551 seconds .

========================================================================
Received Import Request.
  Time since last request: 9.953708 seconds.
  path: Assets/Gothicvania/Town/Environment/props/house-b.png
  artifactKey: Guid(fa534a63c52e442fab833f8c4c218610) Importer(815301076,1909f56bfc062723c751e8b465ee728b)
Start importing Assets/Gothicvania/Town/Environment/props/house-b.png using Guid(fa534a63c52e442fab833f8c4c218610) Importer(815301076,1909f56bfc062723c751e8b465ee728b)  -> (artifact id: '795b68c5bdd31d43642f9b4a0332dbf7') in 0.035988 seconds 
  Import took 0.069515 seconds .

========================================================================
Received Import Request.
  Time since last request: 35.562666 seconds.
  path: Assets/Gothicvania/Town/Environment/props/crate-stack.png
  artifactKey: Guid(5511879193aae49419cd6daa384e4e0e) Importer(815301076,1909f56bfc062723c751e8b465ee728b)
Start importing Assets/Gothicvania/Town/Environment/props/crate-stack.png using Guid(5511879193aae49419cd6daa384e4e0e) Importer(815301076,1909f56bfc062723c751e8b465ee728b)  -> (artifact id: '826b2d7861f1cc8896349c19b310bc8f') in 0.017390 seconds 
  Import took 0.020500 seconds .

========================================================================
Received Import Request.
  Time since last request: 0.001787 seconds.
  path: Assets/Gothicvania/Town/Environment/props/crate-stack.png
  artifactKey: Guid(5511879193aae49419cd6daa384e4e0e) Importer(815301076,1909f56bfc062723c751e8b465ee728b)
Start importing Assets/Gothicvania/Town/Environment/props/crate-stack.png using Guid(5511879193aae49419cd6daa384e4e0e) Importer(815301076,1909f56bfc062723c751e8b465ee728b)  -> (artifact id: '826b2d7861f1cc8896349c19b310bc8f') in 0.018340 seconds 
  Import took 0.020459 seconds .

========================================================================
Received Import Request.
  Time since last request: 25.930368 seconds.
  path: Assets/Gothicvania/Town/Environment/props/sign.png
  artifactKey: Guid(799dd867b58aa4efd917360b1747174a) Importer(815301076,1909f56bfc062723c751e8b465ee728b)
Start importing Assets/Gothicvania/Town/Environment/props/sign.png using Guid(799dd867b58aa4efd917360b1747174a) Importer(815301076,1909f56bfc062723c751e8b465ee728b)  -> (artifact id: '9283f12e4086bd090125a822348ecf1a') in 0.012525 seconds 
  Import took 0.046832 seconds .

========================================================================
Received Import Request.
  Time since last request: 63.153085 seconds.
  path: Assets/Gothicvania/Town/Environment/props/house-c.prefab
  artifactKey: Guid(797dad49971a3204cbeda622ddf06d35) Importer(815301076,1909f56bfc062723c751e8b465ee728b)
Start importing Assets/Gothicvania/Town/Environment/props/house-c.prefab using Guid(797dad49971a3204cbeda622ddf06d35) Importer(815301076,1909f56bfc062723c751e8b465ee728b)  -> (artifact id: '38f6a9fc692df7bf10ddacf37cafb458') in 0.049104 seconds 
  Import took 0.065365 seconds .

========================================================================
Received Prepare
Registering precompiled user dll's ...
Registered in 0.002851 seconds.
Begin MonoManager ReloadAssembly
Native extension for WindowsStandalone target not found
Refreshing native plugins compatible for Editor in 0.35 ms, found 2 plugins.
Preloading 0 native plugins for Editor in 0.00 ms.
Mono: successfully reloaded assembly
- Completed reload, in  0.835 seconds
Domain Reload Profiling:
	ReloadAssembly (835ms)
		BeginReloadAssembly (92ms)
			ExecutionOrderSort (0ms)
			DisableScriptedObjects (5ms)
			BackupInstance (0ms)
			ReleaseScriptingObjects (0ms)
			CreateAndSetChildDomain (27ms)
		EndReloadAssembly (687ms)
			LoadAssemblies (74ms)
			RebuildTransferFunctionScriptingTraits (0ms)
			SetupTypeCache (231ms)
			ReleaseScriptCaches (1ms)
			RebuildScriptCaches (35ms)
			SetupLoadedEditorAssemblies (258ms)
				LogAssemblyErrors (0ms)
				InitializePlatformSupportModulesInManaged (4ms)
				SetLoadedEditorAssemblies (0ms)
				RefreshPlugins (0ms)
				BeforeProcessingInitializeOnLoad (66ms)
				ProcessInitializeOnLoadAttributes (173ms)
				ProcessInitializeOnLoadMethodAttributes (7ms)
				AfterProcessingInitializeOnLoad (7ms)
				EditorAssembliesLoaded (0ms)
			ExecutionOrderSort2 (0ms)
			AwakeInstancesAfterBackupRestoration (6ms)
Platform modules already initialized, skipping
Refreshing native plugins compatible for Editor in 0.41 ms, found 2 plugins.
Preloading 0 native plugins for Editor in 0.00 ms.
Unloading 1465 Unused Serialized files (Serialized files now loaded: 0)
System memory in use before: 71.7 MB.
System memory in use after: 71.8 MB.

Unloading 12 unused Assets to reduce memory usage. Loaded Objects now: 1964.
Total: 2.145700 ms (FindLiveObjects: 0.119700 ms CreateObjectMapping: 0.039800 ms MarkObjects: 1.971500 ms  DeleteObjects: 0.014000 ms)

AssetImportParameters requested are different than current active one (requested -> active):
  custom:framework-win-MediaFoundation: 216162199b28c13a410421893ffa2e32 -> 
  custom:video-decoder-ogg-theora: a1e56fd34408186e4bbccfd4996cb3dc -> 
  custom:container-muxer-webm: aa71ff27fc2769a1b78a27578f13a17b -> 
  custom:container-demuxer-webm: 4f35f7cbe854078d1ac9338744f61a02 -> 
  custom:container-demuxer-ogg: 62fdf1f143b41e24485cea50d1cbac27 -> 
  custom:video-encoder-webm-vp8: eb34c28f22e8b96e1ab97ce403110664 -> 
  custom:video-decoder-webm-vp8: 9c59270c3fd7afecdb556c50c9e8de78 -> 
  custom:audio-decoder-ogg-vorbis: bf7c407c2cedff20999df2af8eb42d56 -> 
  custom:audio-encoder-webm-vorbis: bf7c407c2cedff20999df2af8eb42d56 -> 
========================================================================
Received Import Request.
  Time since last request: 841.727108 seconds.
  path: Assets/Gothicvania/Town/Environment/props/crate.png
  artifactKey: Guid(078bb4e467b224fb98c30fb8faf940a7) Importer(815301076,1909f56bfc062723c751e8b465ee728b)
Start importing Assets/Gothicvania/Town/Environment/props/crate.png using Guid(078bb4e467b224fb98c30fb8faf940a7) Importer(815301076,1909f56bfc062723c751e8b465ee728b)  -> (artifact id: '61a2ac10f0bbc6d7c1d141e7ba13f551') in 0.047974 seconds 
  Import took 0.076156 seconds .

========================================================================
Received Prepare
Registering precompiled user dll's ...
Registered in 0.002873 seconds.
Begin MonoManager ReloadAssembly
Native extension for WindowsStandalone target not found
Refreshing native plugins compatible for Editor in 0.35 ms, found 2 plugins.
Preloading 0 native plugins for Editor in 0.00 ms.
Mono: successfully reloaded assembly
- Completed reload, in  0.831 seconds
Domain Reload Profiling:
	ReloadAssembly (832ms)
		BeginReloadAssembly (94ms)
			ExecutionOrderSort (0ms)
			DisableScriptedObjects (6ms)
			BackupInstance (0ms)
			ReleaseScriptingObjects (0ms)
			CreateAndSetChildDomain (28ms)
		EndReloadAssembly (683ms)
			LoadAssemblies (73ms)
			RebuildTransferFunctionScriptingTraits (0ms)
			SetupTypeCache (233ms)
			ReleaseScriptCaches (1ms)
			RebuildScriptCaches (35ms)
			SetupLoadedEditorAssemblies (249ms)
				LogAssemblyErrors (0ms)
				InitializePlatformSupportModulesInManaged (5ms)
				SetLoadedEditorAssemblies (0ms)
				RefreshPlugins (0ms)
				BeforeProcessingInitializeOnLoad (64ms)
				ProcessInitializeOnLoadAttributes (167ms)
				ProcessInitializeOnLoadMethodAttributes (6ms)
				AfterProcessingInitializeOnLoad (6ms)
				EditorAssembliesLoaded (0ms)
			ExecutionOrderSort2 (0ms)
			AwakeInstancesAfterBackupRestoration (7ms)
Platform modules already initialized, skipping
Refreshing native plugins compatible for Editor in 0.35 ms, found 2 plugins.
Preloading 0 native plugins for Editor in 0.00 ms.
Unloading 1465 Unused Serialized files (Serialized files now loaded: 0)
System memory in use before: 71.7 MB.
System memory in use after: 71.8 MB.

Unloading 11 unused Assets to reduce memory usage. Loaded Objects now: 1969.
Total: 2.564300 ms (FindLiveObjects: 0.132300 ms CreateObjectMapping: 0.042600 ms MarkObjects: 2.373300 ms  DeleteObjects: 0.014900 ms)

AssetImportParameters requested are different than current active one (requested -> active):
  custom:framework-win-MediaFoundation: 216162199b28c13a410421893ffa2e32 -> 
  custom:video-decoder-ogg-theora: a1e56fd34408186e4bbccfd4996cb3dc -> 
  custom:container-muxer-webm: aa71ff27fc2769a1b78a27578f13a17b -> 
  custom:container-demuxer-webm: 4f35f7cbe854078d1ac9338744f61a02 -> 
  custom:container-demuxer-ogg: 62fdf1f143b41e24485cea50d1cbac27 -> 
  custom:video-encoder-webm-vp8: eb34c28f22e8b96e1ab97ce403110664 -> 
  custom:video-decoder-webm-vp8: 9c59270c3fd7afecdb556c50c9e8de78 -> 
  custom:audio-decoder-ogg-vorbis: bf7c407c2cedff20999df2af8eb42d56 -> 
  custom:audio-encoder-webm-vorbis: bf7c407c2cedff20999df2af8eb42d56 -> 
========================================================================
Received Import Request.
  Time since last request: 358.540025 seconds.
  path: Assets/Gothicvania/Town/Environment/Background/background.png
  artifactKey: Guid(5680c1a9719b046e0bc08d861902f606) Importer(815301076,1909f56bfc062723c751e8b465ee728b)
Start importing Assets/Gothicvania/Town/Environment/Background/background.png using Guid(5680c1a9719b046e0bc08d861902f606) Importer(815301076,1909f56bfc062723c751e8b465ee728b)  -> (artifact id: '928a041d2c11787e70738c7721fbb8c3') in 0.077017 seconds 
  Import took 0.095388 seconds .

AssetImportWorkerClient::OnTransportError - code=2 error=End of file
