Using pre-set license
Built from '2020.3/staging' branch; Version is '2020.3.18f1 (a7d1c678663c) revision 10998214'; Using compiler version '192528614'; Build Type 'Release'
OS: 'Windows 10 Home; OS build 19043.1288; Version 2009; 64bit' Language: 'en' Physical Memory: 16178 MB
BatchMode: 1, IsHumanControllingUs: 0, StartBugReporterOnCrash: 0, Is64bit: 1, IsPro: 0

COMMAND LINE ARGUMENTS:
C:\Program Files\Unity\Hub\Editor\2020.3.18f1\Editor\Unity.exe
-adb2
-batchMode
-noUpm
-name
AssetImportWorker0
-projectPath
C:/Users/IsaacH/UnityProjects/CS478-Team2Project
-logFile
Logs/AssetImportWorker0.log
-srvPort
50373
Successfully changed project path to: C:/Users/IsaacH/UnityProjects/CS478-Team2Project
C:/Users/IsaacH/UnityProjects/CS478-Team2Project
Using Asset Import Pipeline V2.
Refreshing native plugins compatible for Editor in 33.67 ms, found 2 plugins.
Preloading 0 native plugins for Editor in 0.00 ms.
Initialize engine version: 2020.3.18f1 (a7d1c678663c)
[Subsystems] Discovering subsystems at path C:/Program Files/Unity/Hub/Editor/2020.3.18f1/Editor/Data/Resources/UnitySubsystems
[Subsystems] Discovering subsystems at path C:/Users/IsaacH/UnityProjects/CS478-Team2Project/Assets
GfxDevice: creating device client; threaded=0
Direct3D:
    Version:  Direct3D 11.0 [level 11.1]
    Renderer: NVIDIA GeForce GTX 1060 with Max-Q Design (ID=0x1c20)
    Vendor:   
    VRAM:     6052 MB
    Driver:   27.21.14.6231
Initialize mono
Mono path[0] = 'C:/Program Files/Unity/Hub/Editor/2020.3.18f1/Editor/Data/Managed'
Mono path[1] = 'C:/Program Files/Unity/Hub/Editor/2020.3.18f1/Editor/Data/MonoBleedingEdge/lib/mono/unityjit'
Mono config path = 'C:/Program Files/Unity/Hub/Editor/2020.3.18f1/Editor/Data/MonoBleedingEdge/etc'
Using monoOptions --debugger-agent=transport=dt_socket,embedding=1,server=y,suspend=n,address=127.0.0.1:56328
Begin MonoManager ReloadAssembly
Registering precompiled unity dll's ...
Register platform support module: C:/Program Files/Unity/Hub/Editor/2020.3.18f1/Editor/Data/PlaybackEngines/WebGLSupport/UnityEditor.WebGL.Extensions.dll
Register platform support module: C:/Program Files/Unity/Hub/Editor/2020.3.18f1/Editor/Data/PlaybackEngines/WindowsStandaloneSupport/UnityEditor.WindowsStandalone.Extensions.dll
Registered in 0.002403 seconds.
Native extension for WindowsStandalone target not found
Native extension for WebGL target not found
Refreshing native plugins compatible for Editor in 31.83 ms, found 2 plugins.
Preloading 0 native plugins for Editor in 0.00 ms.
Mono: successfully reloaded assembly
- Completed reload, in  1.116 seconds
Domain Reload Profiling:
	ReloadAssembly (1116ms)
		BeginReloadAssembly (54ms)
			ExecutionOrderSort (0ms)
			DisableScriptedObjects (0ms)
			BackupInstance (0ms)
			ReleaseScriptingObjects (0ms)
			CreateAndSetChildDomain (1ms)
		EndReloadAssembly (387ms)
			LoadAssemblies (52ms)
			RebuildTransferFunctionScriptingTraits (0ms)
			SetupTypeCache (141ms)
			ReleaseScriptCaches (0ms)
			RebuildScriptCaches (31ms)
			SetupLoadedEditorAssemblies (150ms)
				LogAssemblyErrors (0ms)
				InitializePlatformSupportModulesInManaged (5ms)
				SetLoadedEditorAssemblies (0ms)
				RefreshPlugins (32ms)
				BeforeProcessingInitializeOnLoad (16ms)
				ProcessInitializeOnLoadAttributes (72ms)
				ProcessInitializeOnLoadMethodAttributes (25ms)
				AfterProcessingInitializeOnLoad (0ms)
				EditorAssembliesLoaded (0ms)
			ExecutionOrderSort2 (0ms)
			AwakeInstancesAfterBackupRestoration (0ms)
Platform modules already initialized, skipping
Registering precompiled user dll's ...
Registered in 0.003101 seconds.
Begin MonoManager ReloadAssembly
Native extension for WindowsStandalone target not found
Native extension for WebGL target not found
Refreshing native plugins compatible for Editor in 0.30 ms, found 2 plugins.
Preloading 0 native plugins for Editor in 0.00 ms.
Mono: successfully reloaded assembly
- Completed reload, in  0.912 seconds
Domain Reload Profiling:
	ReloadAssembly (912ms)
		BeginReloadAssembly (133ms)
			ExecutionOrderSort (0ms)
			DisableScriptedObjects (4ms)
			BackupInstance (0ms)
			ReleaseScriptingObjects (0ms)
			CreateAndSetChildDomain (17ms)
		EndReloadAssembly (721ms)
			LoadAssemblies (78ms)
			RebuildTransferFunctionScriptingTraits (0ms)
			SetupTypeCache (242ms)
			ReleaseScriptCaches (0ms)
			RebuildScriptCaches (39ms)
			SetupLoadedEditorAssemblies (278ms)
				LogAssemblyErrors (0ms)
				InitializePlatformSupportModulesInManaged (5ms)
				SetLoadedEditorAssemblies (0ms)
				RefreshPlugins (0ms)
				BeforeProcessingInitializeOnLoad (74ms)
				ProcessInitializeOnLoadAttributes (188ms)
				ProcessInitializeOnLoadMethodAttributes (3ms)
				AfterProcessingInitializeOnLoad (7ms)
				EditorAssembliesLoaded (0ms)
			ExecutionOrderSort2 (0ms)
			AwakeInstancesAfterBackupRestoration (6ms)
Platform modules already initialized, skipping
========================================================================
Worker process is ready to serve import requests
Launched and connected shader compiler UnityShaderCompiler.exe after 0.07 seconds
Refreshing native plugins compatible for Editor in 0.32 ms, found 2 plugins.
Preloading 0 native plugins for Editor in 0.00 ms.
Unloading 1397 Unused Serialized files (Serialized files now loaded: 0)
System memory in use before: 65.9 MB.
System memory in use after: 66.0 MB.

Unloading 16 unused Assets to reduce memory usage. Loaded Objects now: 1830.
Total: 2.649100 ms (FindLiveObjects: 0.149200 ms CreateObjectMapping: 0.039200 ms MarkObjects: 2.402000 ms  DeleteObjects: 0.057500 ms)

AssetImportParameters requested are different than current active one (requested -> active):
  custom:framework-win-MediaFoundation: 216162199b28c13a410421893ffa2e32 -> 
  custom:video-decoder-ogg-theora: a1e56fd34408186e4bbccfd4996cb3dc -> 
  custom:container-muxer-webm: aa71ff27fc2769a1b78a27578f13a17b -> 
  custom:container-demuxer-webm: 4f35f7cbe854078d1ac9338744f61a02 -> 
  custom:container-demuxer-ogg: 62fdf1f143b41e24485cea50d1cbac27 -> 
  custom:video-encoder-webm-vp8: eb34c28f22e8b96e1ab97ce403110664 -> 
  custom:video-codec-MediaFoundation-h265: 746d11721c4dcdbdad8f713fa42b33f4 -> 
  custom:video-decoder-webm-vp8: 9c59270c3fd7afecdb556c50c9e8de78 -> 
  custom:audio-decoder-ogg-vorbis: bf7c407c2cedff20999df2af8eb42d56 -> 
  custom:audio-encoder-webm-vorbis: bf7c407c2cedff20999df2af8eb42d56 -> 
========================================================================
Received Import Request.
  path: Assets/Gothicvania
  artifactKey: Guid(e6ca083b7a8afc2438778d3d17c32b7a) Importer(815301076,1909f56bfc062723c751e8b465ee728b)
Start importing Assets/Gothicvania using Guid(e6ca083b7a8afc2438778d3d17c32b7a) Importer(815301076,1909f56bfc062723c751e8b465ee728b)  -> (artifact id: 'e2413b1ddc76ea660551da93090a800e') in 0.010070 seconds 
  Import took 0.012098 seconds .

========================================================================
Received Import Request.
  Time since last request: 20.027088 seconds.
  path: Assets/Gothicvania Cemetery Artwork
  artifactKey: Guid(adf40e254b1faac47abd84c2b7e9d8d3) Importer(815301076,1909f56bfc062723c751e8b465ee728b)
Start importing Assets/Gothicvania Cemetery Artwork using Guid(adf40e254b1faac47abd84c2b7e9d8d3) Importer(815301076,1909f56bfc062723c751e8b465ee728b)  -> (artifact id: '11cb8975dde3bb82da37159b3dc90a88') in 0.007667 seconds 
  Import took 0.009789 seconds .

========================================================================
Received Import Request.
  Time since last request: 0.699946 seconds.
  path: Assets/GothicVania Church
  artifactKey: Guid(a50ca79ff89302c4caf3b410268936f7) Importer(815301076,1909f56bfc062723c751e8b465ee728b)
Start importing Assets/GothicVania Church using Guid(a50ca79ff89302c4caf3b410268936f7) Importer(815301076,1909f56bfc062723c751e8b465ee728b)  -> (artifact id: '45bd11185c7a11ec6670afdb86706175') in 0.006423 seconds 
  Import took 0.008506 seconds .

========================================================================
Received Import Request.
  Time since last request: 30.412820 seconds.
  path: Assets/Gothicvania/Cemetery
  artifactKey: Guid(adf40e254b1faac47abd84c2b7e9d8d3) Importer(815301076,1909f56bfc062723c751e8b465ee728b)
Start importing Assets/Gothicvania/Cemetery using Guid(adf40e254b1faac47abd84c2b7e9d8d3) Importer(815301076,1909f56bfc062723c751e8b465ee728b)  -> (artifact id: '8f23985c2cffe1d59fcc0a0e8a342cca') in 0.005653 seconds 
  Import took 0.007812 seconds .

========================================================================
Received Import Request.
  Time since last request: 19.571953 seconds.
  path: Assets/Gothicvania/Church
  artifactKey: Guid(a50ca79ff89302c4caf3b410268936f7) Importer(815301076,1909f56bfc062723c751e8b465ee728b)
Start importing Assets/Gothicvania/Church using Guid(a50ca79ff89302c4caf3b410268936f7) Importer(815301076,1909f56bfc062723c751e8b465ee728b)  -> (artifact id: 'e81445ba945b78953c94d04a2e02a19f') in 0.006479 seconds 
  Import took 0.008566 seconds .

========================================================================
Received Import Request.
  Time since last request: 1.138435 seconds.
  path: Assets/Gothicvania/Gothicvania Swamp Artwork
  artifactKey: Guid(1d89f40f3381c334bbe1e4feeecaa8db) Importer(815301076,1909f56bfc062723c751e8b465ee728b)
Start importing Assets/Gothicvania/Gothicvania Swamp Artwork using Guid(1d89f40f3381c334bbe1e4feeecaa8db) Importer(815301076,1909f56bfc062723c751e8b465ee728b)  -> (artifact id: 'faa571959c42d9a220a64caf196a7def') in 0.005889 seconds 
  Import took 0.007923 seconds .

========================================================================
Received Import Request.
  Time since last request: 7.240520 seconds.
  path: Assets/Gothicvania/Swamp
  artifactKey: Guid(1d89f40f3381c334bbe1e4feeecaa8db) Importer(815301076,1909f56bfc062723c751e8b465ee728b)
Start importing Assets/Gothicvania/Swamp using Guid(1d89f40f3381c334bbe1e4feeecaa8db) Importer(815301076,1909f56bfc062723c751e8b465ee728b)  -> (artifact id: '10a1c05cad6e48440cc01d3e971165ce') in 0.005793 seconds 
  Import took 0.008202 seconds .

========================================================================
Received Import Request.
  Time since last request: 1.269798 seconds.
  path: Assets/Gothicvania/Gothicvania-Town
  artifactKey: Guid(fe3a6f5c6f268c0428c4e6dc3a8273a7) Importer(815301076,1909f56bfc062723c751e8b465ee728b)
Start importing Assets/Gothicvania/Gothicvania-Town using Guid(fe3a6f5c6f268c0428c4e6dc3a8273a7) Importer(815301076,1909f56bfc062723c751e8b465ee728b)  -> (artifact id: '5d405702629670bf4b7ceb8a3a1870aa') in 0.005910 seconds 
  Import took 0.008052 seconds .

========================================================================
Received Import Request.
  Time since last request: 6.900148 seconds.
  path: Assets/Gothicvania/Town
  artifactKey: Guid(fe3a6f5c6f268c0428c4e6dc3a8273a7) Importer(815301076,1909f56bfc062723c751e8b465ee728b)
Start importing Assets/Gothicvania/Town using Guid(fe3a6f5c6f268c0428c4e6dc3a8273a7) Importer(815301076,1909f56bfc062723c751e8b465ee728b)  -> (artifact id: '47fdc83b7d3fca9475d68bdcb58ef2ca') in 0.005655 seconds 
  Import took 0.007753 seconds .

========================================================================
Received Import Request.
  Time since last request: 189.153596 seconds.
  path: Assets/Gothicvania/PatreonCollection
  artifactKey: Guid(3962f8512d490a240b2c43ab1df79e1d) Importer(815301076,1909f56bfc062723c751e8b465ee728b)
Start importing Assets/Gothicvania/PatreonCollection using Guid(3962f8512d490a240b2c43ab1df79e1d) Importer(815301076,1909f56bfc062723c751e8b465ee728b)  -> (artifact id: '3ec9c9e8b196fef185397bf2cfe03ebd') in 0.006280 seconds 
  Import took 0.009338 seconds .

========================================================================
Received Import Request.
  Time since last request: 138.725945 seconds.
  path: Assets/Gothicvania/Cemetery/Environment
  artifactKey: Guid(a962f62f0695f486998bb7fbef833193) Importer(815301076,1909f56bfc062723c751e8b465ee728b)
Start importing Assets/Gothicvania/Cemetery/Environment using Guid(a962f62f0695f486998bb7fbef833193) Importer(815301076,1909f56bfc062723c751e8b465ee728b)  -> (artifact id: 'cabe6c8705c19f5d369ac74dfa823498') in 0.006244 seconds 
  Import took 0.008524 seconds .

========================================================================
Received Import Request.
  Time since last request: 0.081996 seconds.
  path: Assets/Gothicvania/Cemetery/Environment/background.png
  artifactKey: Guid(df73b4bce81f34a13ad5c1760f1a7a40) Importer(815301076,1909f56bfc062723c751e8b465ee728b)
Start importing Assets/Gothicvania/Cemetery/Environment/background.png using Guid(df73b4bce81f34a13ad5c1760f1a7a40) Importer(815301076,1909f56bfc062723c751e8b465ee728b)  -> (artifact id: 'b67ec971ac977ed93a9dbe2b6547a88d') in 0.119612 seconds 
  Import took 0.121754 seconds .

========================================================================
Received Import Request.
  Time since last request: 0.000295 seconds.
  path: Assets/Gothicvania/Cemetery/Environment/tileset-sliced.png
  artifactKey: Guid(297a514ba6a7c44e6a1eac9511e640e5) Importer(815301076,1909f56bfc062723c751e8b465ee728b)
Start importing Assets/Gothicvania/Cemetery/Environment/tileset-sliced.png using Guid(297a514ba6a7c44e6a1eac9511e640e5) Importer(815301076,1909f56bfc062723c751e8b465ee728b)  -> (artifact id: '021492428a0f68bee17093278fa9afce') in 0.155712 seconds 
  Import took 0.158019 seconds .

========================================================================
Received Import Request.
  Time since last request: 0.000266 seconds.
  path: Assets/Gothicvania/Cemetery/Environment/tileset.png
  artifactKey: Guid(4beee00ff01304c92a8c3ae5c089ef92) Importer(815301076,1909f56bfc062723c751e8b465ee728b)
Start importing Assets/Gothicvania/Cemetery/Environment/tileset.png using Guid(4beee00ff01304c92a8c3ae5c089ef92) Importer(815301076,1909f56bfc062723c751e8b465ee728b)  -> (artifact id: 'b9a8ebd67fda29f963daff12a038be19') in 0.016496 seconds 
  Import took 0.018741 seconds .

========================================================================
Received Import Request.
  Time since last request: 0.000209 seconds.
  path: Assets/Gothicvania/Cemetery/Environment/objects-Sheet.png
  artifactKey: Guid(d32d0aa35a58b4f7087cf029122e9820) Importer(815301076,1909f56bfc062723c751e8b465ee728b)
Start importing Assets/Gothicvania/Cemetery/Environment/objects-Sheet.png using Guid(d32d0aa35a58b4f7087cf029122e9820) Importer(815301076,1909f56bfc062723c751e8b465ee728b)  -> (artifact id: '118260650a0ccaefae4ddac5411c698b') in 0.017091 seconds 
  Import took 0.019306 seconds .

========================================================================
Received Import Request.
  Time since last request: 0.000245 seconds.
  path: Assets/Gothicvania/Cemetery/Environment/mountains.png
  artifactKey: Guid(392218c362ae54f0f95bcafd5379defd) Importer(815301076,1909f56bfc062723c751e8b465ee728b)
Start importing Assets/Gothicvania/Cemetery/Environment/mountains.png using Guid(392218c362ae54f0f95bcafd5379defd) Importer(815301076,1909f56bfc062723c751e8b465ee728b)  -> (artifact id: '5d26c668a683b923c6d818ae208604a0') in 0.014871 seconds 
  Import took 0.017057 seconds .

========================================================================
Received Import Request.
  Time since last request: 0.000308 seconds.
  path: Assets/Gothicvania/Cemetery/Environment/graveyard.png
  artifactKey: Guid(e3309b7d2ebaf41fa87c88817dbec1f1) Importer(815301076,1909f56bfc062723c751e8b465ee728b)
Start importing Assets/Gothicvania/Cemetery/Environment/graveyard.png using Guid(e3309b7d2ebaf41fa87c88817dbec1f1) Importer(815301076,1909f56bfc062723c751e8b465ee728b)  -> (artifact id: '6c5eefade90cd71327af9d8a66eb9ce6') in 0.015440 seconds 
  Import took 0.017581 seconds .

AssetImportWorkerClient::OnTransportError - code=2 error=End of file
